#
# There is insufficient memory for the Java Runtime Environment to continue.
# Cannot create GC thread. Out of system resources.
# Possible reasons:
#   The system is out of physical RAM or swap space
#   In 32 bit mode, the process size limit was hit
# Possible solutions:
#   Reduce memory load on the system
#   Increase physical memory or swap space
#   Check if swap backing store is full
#   Use 64 bit Java on a 64 bit OS
#   Decrease Java heap size (-Xmx/-Xms)
#   Decrease number of Java threads
#   Decrease Java thread stack sizes (-Xss)
#   Set larger code cache with -XX:ReservedCodeCacheSize=
# This output file may be truncated or incomplete.
#
#  Out of Memory Error (gcTaskThread.cpp:46), pid=5872, tid=3075639040
#
# JRE version:  (7.0_51-b13) (build )
# Java VM: Java HotSpot(TM) Server VM (24.51-b03 mixed mode linux-x86 )
# Failed to write core dump. Core dumps have been disabled. To enable core dumping, try "ulimit -c unlimited" before starting Java again
#

---------------  T H R E A D  ---------------

Current thread (0x08ebd800):  JavaThread "Unknown thread" [_thread_in_vm, id=5872, stack(0xbfc4f000,0xbfc9f000)]

Stack: [0xbfc4f000,0xbfc9f000],  sp=0xbfc98450,  free space=293k
Native frames: (J=compiled Java code, j=interpreted, Vv=VM code, C=native code)
V  [libjvm.so+0x7dcac6]  VMError::report_and_die()+0x1a6
V  [libjvm.so+0x33a5b2]  report_vm_out_of_memory(char const*, int, unsigned int, char const*)+0x72
V  [libjvm.so+0x3f4923]  GCTaskThread::GCTaskThread(GCTaskManager*, unsigned int, unsigned int)+0xe3
V  [libjvm.so+0x3f3f77]  GCTaskManager::initialize()+0x277
V  [libjvm.so+0x69b350]  ParallelScavengeHeap::initialize()+0x5b0
V  [libjvm.so+0x7b0b04]  Universe::initialize_heap()+0xa4
V  [libjvm.so+0x7b2135]  universe_init()+0x55
V  [libjvm.so+0x449f65]  init_globals()+0x55
V  [libjvm.so+0x79aea0]  Threads::create_vm(JavaVMInitArgs*, bool*)+0x200
V  [libjvm.so+0x4bc12c]  JNI_CreateJavaVM+0x5c
C  [libjli.so+0x2668]  JavaMain+0x98
C  [libjli.so+0xd37e]  ContinueInNewThread0+0x7e
C  [libjli.so+0x1b76]  ContinueInNewThread+0x86
C  [libjli.so+0xd27b]  JVMInit+0x5b
C  [libjli.so+0x48a5]  JLI_Launch+0x465
C  [java+0x57d]  __libc_start_main@@GLIBC_2.0+0x57d


---------------  P R O C E S S  ---------------

Java Threads: ( => current thread )

Other Threads:

=>0x08ebd800 (exited) JavaThread "Unknown thread" [_thread_in_vm, id=5872, stack(0xbfc4f000,0xbfc9f000)]

VM state:not at safepoint (not fully initialized)

VM Mutex/Monitor currently owned by a thread: None

GC Heap History (0 events):
No events

Deoptimization events (0 events):
No events

Internal exceptions (0 events):
No events

Events (0 events):
No events


Dynamic libraries:
08048000-08049000 r-xp 00000000 fd:00 1187398    /usr/local/jdk1.7.0_51/bin/java
08049000-0804a000 rw-p 00000000 fd:00 1187398    /usr/local/jdk1.7.0_51/bin/java
08eb6000-08ed7000 rw-p 00000000 00:00 0          [heap]
7e117000-7e330000 rw-p 00000000 00:00 0 
7e330000-7e331000 ---p 00000000 00:00 0 
7e331000-7e3b9000 rw-p 00000000 00:00 0 
7e3b9000-7e3d1000 rw-p 00000000 00:00 0 
7e3d1000-7e3e2000 rw-p 00000000 00:00 0 
7e3e2000-7e4d7000 rw-p 00000000 00:00 0 
7e4d7000-7e4df000 rw-p 00000000 00:00 0 
7e4df000-7e4f7000 rw-p 00000000 00:00 0 
7e4f7000-7e508000 rw-p 00000000 00:00 0 
7e508000-7e5fc000 rw-p 00000000 00:00 0 
7e5fc000-7e605000 rw-p 00000000 00:00 0 
7e605000-7e67f000 rw-p 00000000 00:00 0 
7e67f000-7f680000 rw-p 00000000 00:00 0 
7f680000-82680000 rw-p 00000000 00:00 0 
82680000-84700000 rw-p 00000000 00:00 0 
84700000-a3100000 rw-p 00000000 00:00 0 
a3100000-a4180000 rw-p 00000000 00:00 0 
a4180000-b3680000 rw-p 00000000 00:00 0 
b3684000-b368e000 rw-p 00000000 00:00 0 
b368e000-b3745000 rw-p 00000000 00:00 0 
b3745000-b3985000 rwxp 00000000 00:00 0 
b3985000-b6745000 rw-p 00000000 00:00 0 
b6745000-b675c000 r-xp 00000000 fd:00 2228810    /usr/local/jdk1.7.0_51/jre/lib/i386/libzip.so
b675c000-b675d000 rw-p 00017000 fd:00 2228810    /usr/local/jdk1.7.0_51/jre/lib/i386/libzip.so
b675d000-b6765000 rw-s 00000000 00:1f 84102      /tmp/hsperfdata_Peixoto/5872
b6765000-b6788000 r-xp 00000000 fd:00 2228757    /usr/local/jdk1.7.0_51/jre/lib/i386/libjava.so
b6788000-b6789000 rw-p 00022000 fd:00 2228757    /usr/local/jdk1.7.0_51/jre/lib/i386/libjava.so
b6789000-b6790000 r-xp 00000000 fd:00 918291     /usr/lib/librt-2.18.so
b6790000-b6791000 r--p 00006000 fd:00 918291     /usr/lib/librt-2.18.so
b6791000-b6792000 rw-p 00007000 fd:00 918291     /usr/lib/librt-2.18.so
b6792000-b6793000 ---p 00000000 00:00 0 
b6793000-b67e3000 rw-p 00000000 00:00 0 
b67e3000-b6828000 r-xp 00000000 fd:00 917813     /usr/lib/libm-2.18.so
b6828000-b6829000 r--p 00044000 fd:00 917813     /usr/lib/libm-2.18.so
b6829000-b682a000 rw-p 00045000 fd:00 917813     /usr/lib/libm-2.18.so
b682a000-b70a1000 r-xp 00000000 fd:00 2228472    /usr/local/jdk1.7.0_51/jre/lib/i386/server/libjvm.so
b70a1000-b7105000 rw-p 00877000 fd:00 2228472    /usr/local/jdk1.7.0_51/jre/lib/i386/server/libjvm.so
b7105000-b7529000 rw-p 00000000 00:00 0 
b7529000-b76e1000 r-xp 00000000 fd:00 917700     /usr/lib/libc-2.18.so
b76e1000-b76e3000 r--p 001b8000 fd:00 917700     /usr/lib/libc-2.18.so
b76e3000-b76e4000 rw-p 001ba000 fd:00 917700     /usr/lib/libc-2.18.so
b76e4000-b76e8000 rw-p 00000000 00:00 0 
b76e8000-b76eb000 r-xp 00000000 fd:00 917790     /usr/lib/libdl-2.18.so
b76eb000-b76ec000 r--p 00002000 fd:00 917790     /usr/lib/libdl-2.18.so
b76ec000-b76ed000 rw-p 00003000 fd:00 917790     /usr/lib/libdl-2.18.so
b76ed000-b7700000 r-xp 00000000 fd:00 1058216    /usr/local/jdk1.7.0_51/lib/i386/jli/libjli.so
b7700000-b7701000 rw-p 00012000 fd:00 1058216    /usr/local/jdk1.7.0_51/lib/i386/jli/libjli.so
b7701000-b7718000 r-xp 00000000 fd:00 918191     /usr/lib/libpthread-2.18.so
b7718000-b7719000 r--p 00016000 fd:00 918191     /usr/lib/libpthread-2.18.so
b7719000-b771a000 rw-p 00017000 fd:00 918191     /usr/lib/libpthread-2.18.so
b771a000-b771d000 rw-p 00000000 00:00 0 
b771d000-b771e000 rw-p 00000000 00:00 0 
b771e000-b7729000 r-xp 00000000 fd:00 918187     /usr/lib/libnss_files-2.18.so
b7729000-b772a000 r--p 0000a000 fd:00 918187     /usr/lib/libnss_files-2.18.so
b772a000-b772b000 rw-p 0000b000 fd:00 918187     /usr/lib/libnss_files-2.18.so
b772b000-b772c000 rw-p 00000000 00:00 0 
b772c000-b772d000 r--p 00000000 00:00 0 
b772d000-b7738000 r-xp 00000000 fd:00 2228639    /usr/local/jdk1.7.0_51/jre/lib/i386/libverify.so
b7738000-b7739000 rw-p 0000b000 fd:00 2228639    /usr/local/jdk1.7.0_51/jre/lib/i386/libverify.so
b7739000-b773a000 rw-p 00000000 00:00 0 
b773a000-b7759000 r-xp 00000000 fd:00 923692     /usr/lib/ld-2.18.so
b7759000-b775a000 r-xp 00000000 00:00 0          [vdso]
b775a000-b775b000 r--p 0001f000 fd:00 923692     /usr/lib/ld-2.18.so
b775b000-b775c000 rw-p 00020000 fd:00 923692     /usr/lib/ld-2.18.so
bfc4f000-bfc52000 ---p 00000000 00:00 0 
bfc53000-bfc9f000 rw-p 00000000 00:00 0          [stack]

VM Arguments:
jvm_args: -Dfile.encoding=UTF-8 
java_command: areacreator.Main
Launcher Type: SUN_STANDARD

Environment Variables:
PATH=/usr/lib/qt-3.3/bin:/usr/local/bin:/usr/bin:/bin:/usr/local/sbin:/usr/sbin:/home/Peixoto/.local/bin:/home/Peixoto/bin
USERNAME=Peixoto
LD_LIBRARY_PATH=/usr/local/jdk1.7.0_51/jre/lib/amd64:/usr/local/jdk1.7.0_51/jre/lib/i386:
SHELL=/bin/bash
DISPLAY=:0

Signal Handlers:
SIGSEGV: [libjvm.so+0x7dd5e0], sa_mask[0]=0x7ffbfeff, sa_flags=0x10000004
SIGBUS: [libjvm.so+0x7dd5e0], sa_mask[0]=0x7ffbfeff, sa_flags=0x10000004
SIGFPE: [libjvm.so+0x678d60], sa_mask[0]=0x7ffbfeff, sa_flags=0x10000004
SIGPIPE: [libjvm.so+0x678d60], sa_mask[0]=0x7ffbfeff, sa_flags=0x10000004
SIGXFSZ: [libjvm.so+0x678d60], sa_mask[0]=0x7ffbfeff, sa_flags=0x10000004
SIGILL: [libjvm.so+0x678d60], sa_mask[0]=0x7ffbfeff, sa_flags=0x10000004
SIGUSR1: SIG_DFL, sa_mask[0]=0x00000000, sa_flags=0x00000000
SIGUSR2: [libjvm.so+0x67a250], sa_mask[0]=0x00000004, sa_flags=0x10000004
SIGHUP: SIG_DFL, sa_mask[0]=0x00000000, sa_flags=0x00000000
SIGINT: SIG_IGN, sa_mask[0]=0x00000000, sa_flags=0x00000000
SIGTERM: SIG_DFL, sa_mask[0]=0x00000000, sa_flags=0x00000000
SIGQUIT: SIG_DFL, sa_mask[0]=0x00000000, sa_flags=0x00000000


---------------  S Y S T E M  ---------------

OS:Fedora release 20 (Heisenbug)

uname:Linux 3.13.6-200.fc20.i686 #1 SMP Fri Mar 7 17:28:21 UTC 2014 i686
libc:glibc 2.18 NPTL 2.18 
rlimit: STACK 8192k, CORE 0k, NPROC 1024, NOFILE 4096, AS infinity
load average:0.77 0.35 0.36

/proc/meminfo:
MemTotal:        3209432 kB
MemFree:          820816 kB
Buffers:          221992 kB
Cached:          1148676 kB
SwapCached:            0 kB
Active:          1270856 kB
Inactive:         919624 kB
Active(anon):     821796 kB
Inactive(anon):   163040 kB
Active(file):     449060 kB
Inactive(file):   756584 kB
Unevictable:          80 kB
Mlocked:              80 kB
HighTotal:       2349984 kB
HighFree:         748772 kB
LowTotal:         859448 kB
LowFree:           72044 kB
SwapTotal:       3686396 kB
SwapFree:        3686396 kB
Dirty:               404 kB
Writeback:             0 kB
AnonPages:        819896 kB
Mapped:           180812 kB
Shmem:            165024 kB
Slab:             147268 kB
SReclaimable:     117980 kB
SUnreclaim:        29288 kB
KernelStack:        9360 kB
PageTables:         6204 kB
NFS_Unstable:          0 kB
Bounce:                0 kB
WritebackTmp:          0 kB
CommitLimit:     5291112 kB
Committed_AS:    3602568 kB
VmallocTotal:     122880 kB
VmallocUsed:       28448 kB
VmallocChunk:      66264 kB
HardwareCorrupted:     0 kB
HugePages_Total:       0
HugePages_Free:        0
HugePages_Rsvd:        0
HugePages_Surp:        0
Hugepagesize:       4096 kB
DirectMap4k:       47096 kB
DirectMap4M:      856064 kB


CPU:total 2 (2 cores per cpu, 1 threads per core) family 6 model 42 stepping 7, cmov, cx8, fxsr, mmx, sse, sse2, sse3, ssse3, sse4.1, sse4.2, popcnt, tsc, tscinvbit

/proc/cpuinfo:
processor	: 0
vendor_id	: GenuineIntel
cpu family	: 6
model		: 42
model name	: Intel(R) Pentium(R) CPU B950 @ 2.10GHz
stepping	: 7
microcode	: 0x29
cpu MHz		: 2100.000
cache size	: 2048 KB
physical id	: 0
siblings	: 2
core id		: 0
cpu cores	: 2
apicid		: 0
initial apicid	: 0
fdiv_bug	: no
f00f_bug	: no
coma_bug	: no
fpu		: yes
fpu_exception	: yes
cpuid level	: 13
wp		: yes
flags		: fpu vme de pse tsc msr pae mce cx8 apic sep mtrr pge mca cmov pat pse36 clflush dts acpi mmx fxsr sse sse2 ss ht tm pbe nx rdtscp lm constant_tsc arch_perfmon pebs bts xtopology nonstop_tsc aperfmperf eagerfpu pni pclmulqdq dtes64 monitor ds_cpl est tm2 ssse3 cx16 xtpr pdcm pcid sse4_1 sse4_2 x2apic popcnt tsc_deadline_timer xsave lahf_lm arat epb xsaveopt pln pts dtherm
bogomips	: 4190.74
clflush size	: 64
cache_alignment	: 64
address sizes	: 36 bits physical, 48 bits virtual
power management:

processor	: 1
vendor_id	: GenuineIntel
cpu family	: 6
model		: 42
model name	: Intel(R) Pentium(R) CPU B950 @ 2.10GHz
stepping	: 7
microcode	: 0x29
cpu MHz		: 2100.000
cache size	: 2048 KB
physical id	: 0
siblings	: 2
core id		: 1
cpu cores	: 2
apicid		: 2
initial apicid	: 2
fdiv_bug	: no
f00f_bug	: no
coma_bug	: no
fpu		: yes
fpu_exception	: yes
cpuid level	: 13
wp		: yes
flags		: fpu vme de pse tsc msr pae mce cx8 apic sep mtrr pge mca cmov pat pse36 clflush dts acpi mmx fxsr sse sse2 ss ht tm pbe nx rdtscp lm constant_tsc arch_perfmon pebs bts xtopology nonstop_tsc aperfmperf eagerfpu pni pclmulqdq dtes64 monitor ds_cpl est tm2 ssse3 cx16 xtpr pdcm pcid sse4_1 sse4_2 x2apic popcnt tsc_deadline_timer xsave lahf_lm arat epb xsaveopt pln pts dtherm
bogomips	: 4190.74
clflush size	: 64
cache_alignment	: 64
address sizes	: 36 bits physical, 48 bits virtual
power management:



Memory: 4k page, physical 3209432k(820816k free), swap 3686396k(3686396k free)

vm_info: Java HotSpot(TM) Server VM (24.51-b03) for linux-x86 JRE (1.7.0_51-b13), built on Dec 18 2013 18:45:30 by "java_re" with gcc 4.3.0 20080428 (Red Hat 4.3.0-8)

time: Thu Apr 17 09:39:02 2014
elapsed time: 0 seconds

